<?xml version="1.0" encoding="UTF-8"?>
<!-- Generated by org.testng.reporters.JUnitReportReporter -->
<testsuite hostname="LAPTOP-234HRLMO" failures="1" tests="4" name="TestRunner.CucumberTestRunner" time="42.901" errors="0" timestamp="2024-08-18T11:38:50 IST" skipped="0">
  <testcase classname="TestRunner.CucumberTestRunner" name="runScenario" time="32.019">
    <failure message="User is navigated to Homepage expected [true] but found [false]" type="java.lang.AssertionError">
      <![CDATA[java.lang.AssertionError: User is navigated to Homepage expected [true] but found [false]
at org.testng.Assert.fail(Assert.java:111)
at org.testng.Assert.failNotEquals(Assert.java:1578)
at org.testng.Assert.assertTrue(Assert.java:57)
at StepDefinitions.LoginStepDefinition.user_is_navigated_to_homepage(LoginStepDefinition.java:51)
at âœ½.User is navigated to Homepage(file:///C:/Users/LENOVO/eclipse-workspace/BDD-TESTNG_Framework/src/test/resources/Features/Login.feature:17)
]]>
    </failure>
  </testcase> <!-- runScenario -->
  <testcase classname="TestRunner.CucumberTestRunner" name="runScenario" time="3.419"/>
  <testcase classname="TestRunner.CucumberTestRunner" name="runScenario" time="4.868"/>
  <testcase classname="TestRunner.CucumberTestRunner" name="runScenario" time="2.595"/>
</testsuite> <!-- TestRunner.CucumberTestRunner -->
